<?xml version="1.0" encoding="UTF-8"?>
<testng-results skipped="0" failed="1" ignored="0" total="3" passed="2">
  <reporter-output>
  </reporter-output>
  <suite name="Default suite" duration-ms="45585" started-at="2018-01-30T15:41:07Z" finished-at="2018-01-30T15:41:53Z">
    <groups>
    </groups>
    <test name="Default test" duration-ms="45585" started-at="2018-01-30T15:41:07Z" finished-at="2018-01-30T15:41:53Z">
      <class name="org.personal.base.test.TestUndirectedGraph">
        <test-method status="PASS" signature="setupTests()[pri:0, instance:org.personal.base.test.TestUndirectedGraph@5cee5251]" name="setupTests" is-config="true" duration-ms="24" started-at="2018-01-30T17:41:07Z" finished-at="2018-01-30T17:41:07Z">
          <reporter-output>
          </reporter-output>
        </test-method> <!-- setupTests -->
        <test-method status="PASS" signature="printNumberOfNodes()[pri:0, instance:org.personal.base.test.TestUndirectedGraph@5cee5251]" name="printNumberOfNodes" duration-ms="6" started-at="2018-01-30T17:41:07Z" finished-at="2018-01-30T17:41:07Z">
          <reporter-output>
          </reporter-output>
        </test-method> <!-- printNumberOfNodes -->
        <test-method status="PASS" signature="printVerticesArray()[pri:0, instance:org.personal.base.test.TestUndirectedGraph@5cee5251]" name="printVerticesArray" duration-ms="3" started-at="2018-01-30T17:41:07Z" finished-at="2018-01-30T17:41:07Z">
          <reporter-output>
          </reporter-output>
        </test-method> <!-- printVerticesArray -->
        <test-method status="FAIL" signature="testNodeInVertices()[pri:0, instance:org.personal.base.test.TestUndirectedGraph@5cee5251]" name="testNodeInVertices" duration-ms="45509" started-at="2018-01-30T17:41:07Z" finished-at="2018-01-30T17:41:53Z">
          <exception class="java.lang.AssertionError">
            <full-stacktrace>
              <![CDATA[java.lang.AssertionError
	at org.junit.Assert.fail(Assert.java:92)
	at org.junit.Assert.assertTrue(Assert.java:43)
	at org.junit.Assert.assertTrue(Assert.java:54)
	at org.personal.base.test.TestUndirectedGraph.testNodeInVertices(TestUndirectedGraph.java:37)
	at sun.reflect.NativeMethodAccessorImpl.invoke0(Native Method)
	at sun.reflect.NativeMethodAccessorImpl.invoke(Unknown Source)
	at sun.reflect.DelegatingMethodAccessorImpl.invoke(Unknown Source)
	at java.lang.reflect.Method.invoke(Unknown Source)
	at org.testng.internal.MethodInvocationHelper.invokeMethod(MethodInvocationHelper.java:108)
	at org.testng.internal.Invoker.invokeMethod(Invoker.java:661)
	at org.testng.internal.Invoker.invokeTestMethod(Invoker.java:869)
	at org.testng.internal.Invoker.invokeTestMethods(Invoker.java:1193)
	at org.testng.internal.TestMethodWorker.invokeTestMethods(TestMethodWorker.java:126)
	at org.testng.internal.TestMethodWorker.run(TestMethodWorker.java:109)
	at org.testng.TestRunner.privateRun(TestRunner.java:744)
	at org.testng.TestRunner.run(TestRunner.java:602)
	at org.testng.SuiteRunner.runTest(SuiteRunner.java:380)
	at org.testng.SuiteRunner.runSequentially(SuiteRunner.java:375)
	at org.testng.SuiteRunner.privateRun(SuiteRunner.java:340)
	at org.testng.SuiteRunner.run(SuiteRunner.java:289)
	at org.testng.SuiteRunnerWorker.runSuite(SuiteRunnerWorker.java:52)
	at org.testng.SuiteRunnerWorker.run(SuiteRunnerWorker.java:86)
	at org.testng.TestNG.runSuitesSequentially(TestNG.java:1301)
	at org.testng.TestNG.runSuitesLocally(TestNG.java:1226)
	at org.testng.TestNG.runSuites(TestNG.java:1144)
	at org.testng.TestNG.run(TestNG.java:1115)
	at org.testng.remote.AbstractRemoteTestNG.run(AbstractRemoteTestNG.java:114)
	at org.testng.remote.RemoteTestNG.initAndRun(RemoteTestNG.java:251)
	at org.testng.remote.RemoteTestNG.main(RemoteTestNG.java:77)
]]>
            </full-stacktrace>
          </exception> <!-- java.lang.AssertionError -->
          <reporter-output>
          </reporter-output>
        </test-method> <!-- testNodeInVertices -->
      </class> <!-- org.personal.base.test.TestUndirectedGraph -->
    </test> <!-- Default test -->
  </suite> <!-- Default suite -->
</testng-results>
